<?xml version="1.0" encoding="utf-8"?>
<!DOCTYPE mapper PUBLIC
  "-//mybatis.org//DTD Mapper 3.0//EN"
  "http://mybatis.org/dtd/mybatis-3-mapper.dtd">
<mapper namespace="test.db.sample.model.mapper.TestMapper">
	<resultMap id="testResultMap" type="Test">
		<id property="id" column="ID" />
		<result property="name" column="名称" />
	</resultMap>
	<parameterMap type="Test" id="testParameter">
		<parameter property="id"/>
		<parameter property="name"/>
	</parameterMap>

	<cache type="org.mybatis.caches.oscache.OSCache" />
	
	<select id="selectAll" resultMap="testResultMap">
		SELECT * FROM TEST
	</select>
	<insert id="save" parameterType="Test">
	    INSERT INTO TEST(id, name) VALUES(#{id}, #{name})
	</insert>
	<delete id="delete" parameterType="int">
	    DELETE FROM TEST WHERE ID = #{id}
	</delete>
	
	<delete id="deleteAll" >
	    DELETE FROM TEST
	</delete>
	
	<update id="update" parameterType="Test">
	
	</update>
</mapper>